<?xml version="1.0" encoding="UTF-8"?>
<testsuite xmlns:xsi="http://www.w3.org/2001/XMLSchema-instance" xsi:noNamespaceSchemaLocation="https://maven.apache.org/surefire/maven-surefire-plugin/xsd/surefire-test-report.xsd" name="org.claro.nifi.processors.controlduplicaterecords.ControlDuplicateRecordsTest" time="2.19" tests="1" errors="0" skipped="0" failures="0">
  <properties>
    <property name="sun.desktop" value="windows"/>
    <property name="awt.toolkit" value="sun.awt.windows.WToolkit"/>
    <property name="file.encoding.pkg" value="sun.io"/>
    <property name="java.specification.version" value="1.8"/>
    <property name="sun.cpu.isalist" value="amd64"/>
    <property name="sun.jnu.encoding" value="Cp1252"/>
    <property name="java.class.path" value="C:\Users\CTI8820\Desktop\mediacion-procesador-archetype\control_duplicate_records\nifi-controlduplicaterecords-processors\target\test-classes;C:\Users\CTI8820\Desktop\mediacion-procesador-archetype\control_duplicate_records\nifi-controlduplicaterecords-processors\target\classes;C:\Users\CTI8820\.m2\repository\org\apache\nifi\nifi-api\1.9.0\nifi-api-1.9.0.jar;C:\Users\CTI8820\.m2\repository\org\apache\nifi\nifi-utils\1.9.0\nifi-utils-1.9.0.jar;C:\Users\CTI8820\.m2\repository\org\apache\nifi\nifi-mock\1.9.0\nifi-mock-1.9.0.jar;C:\Users\CTI8820\.m2\repository\org\apache\nifi\nifi-framework-api\1.9.0\nifi-framework-api-1.9.0.jar;C:\Users\CTI8820\.m2\repository\org\apache\nifi\nifi-expression-language\1.9.0\nifi-expression-language-1.9.0.jar;C:\Users\CTI8820\.m2\repository\org\apache\nifi\nifi-data-provenance-utils\1.9.0\nifi-data-provenance-utils-1.9.0.jar;C:\Users\CTI8820\.m2\repository\org\bouncycastle\bcprov-jdk15on\1.60\bcprov-jdk15on-1.60.jar;C:\Users\CTI8820\.m2\repository\org\apache\nifi\nifi-properties-loader\1.9.0\nifi-properties-loader-1.9.0.jar;C:\Users\CTI8820\.m2\repository\ch\qos\logback\logback-classic\1.2.3\logback-classic-1.2.3.jar;C:\Users\CTI8820\.m2\repository\ch\qos\logback\logback-core\1.2.3\logback-core-1.2.3.jar;C:\Users\CTI8820\.m2\repository\org\apache\nifi\nifi-properties\1.9.0\nifi-properties-1.9.0.jar;C:\Users\CTI8820\.m2\repository\org\slf4j\slf4j-simple\1.7.25\slf4j-simple-1.7.25.jar;C:\Users\CTI8820\.m2\repository\org\slf4j\slf4j-api\1.7.25\slf4j-api-1.7.25.jar;C:\Users\CTI8820\.m2\repository\junit\junit\4.12\junit-4.12.jar;C:\Users\CTI8820\.m2\repository\org\hamcrest\hamcrest-core\1.3\hamcrest-core-1.3.jar;C:\Users\CTI8820\.m2\repository\org\apache\nifi\nifi-record\1.9.0\nifi-record-1.9.0.jar;C:\Users\CTI8820\.m2\repository\org\apache\nifi\nifi-record-serialization-service-api\1.9.0\nifi-record-serialization-service-api-1.9.0.jar;C:\Users\CTI8820\.m2\repository\org\apache\nifi\nifi-schema-registry-service-api\1.9.0\nifi-schema-registry-service-api-1.9.0.jar;C:\Users\CTI8820\.m2\repository\org\apache\nifi\nifi-record-serialization-services\1.9.2\nifi-record-serialization-services-1.9.2.jar;C:\Users\CTI8820\.m2\repository\org\apache\nifi\nifi-avro-record-utils\1.9.2\nifi-avro-record-utils-1.9.2.jar;C:\Users\CTI8820\.m2\repository\org\apache\nifi\nifi-standard-record-utils\1.9.2\nifi-standard-record-utils-1.9.2.jar;C:\Users\CTI8820\.m2\repository\org\apache\nifi\nifi-syslog-utils\1.9.2\nifi-syslog-utils-1.9.2.jar;C:\Users\CTI8820\.m2\repository\com\github\palindromicity\simple-syslog-5424\0.0.11\simple-syslog-5424-0.0.11.jar;C:\Users\CTI8820\.m2\repository\org\antlr\antlr4-runtime\4.5\antlr4-runtime-4.5.jar;C:\Users\CTI8820\.m2\repository\org\abego\treelayout\org.abego.treelayout.core\1.0.1\org.abego.treelayout.core-1.0.1.jar;C:\Users\CTI8820\.m2\repository\com\jayway\jsonpath\json-path\2.4.0\json-path-2.4.0.jar;C:\Users\CTI8820\.m2\repository\net\minidev\json-smart\2.3\json-smart-2.3.jar;C:\Users\CTI8820\.m2\repository\net\minidev\accessors-smart\1.2\accessors-smart-1.2.jar;C:\Users\CTI8820\.m2\repository\org\ow2\asm\asm\5.0.4\asm-5.0.4.jar;C:\Users\CTI8820\.m2\repository\com\fasterxml\jackson\core\jackson-databind\2.9.7\jackson-databind-2.9.7.jar;C:\Users\CTI8820\.m2\repository\com\fasterxml\jackson\core\jackson-annotations\2.9.0\jackson-annotations-2.9.0.jar;C:\Users\CTI8820\.m2\repository\com\fasterxml\jackson\core\jackson-core\2.9.7\jackson-core-2.9.7.jar;C:\Users\CTI8820\.m2\repository\org\apache\commons\commons-csv\1.5\commons-csv-1.5.jar;C:\Users\CTI8820\.m2\repository\com\fasterxml\jackson\dataformat\jackson-dataformat-csv\2.9.2\jackson-dataformat-csv-2.9.2.jar;C:\Users\CTI8820\.m2\repository\commons-io\commons-io\2.6\commons-io-2.6.jar;C:\Users\CTI8820\.m2\repository\io\krakens\java-grok\0.1.9\java-grok-0.1.9.jar;C:\Users\CTI8820\.m2\repository\org\apache\commons\commons-lang3\3.7\commons-lang3-3.7.jar;C:\Users\CTI8820\.m2\repository\org\apache\avro\avro\1.8.1\avro-1.8.1.jar;C:\Users\CTI8820\.m2\repository\org\codehaus\jackson\jackson-core-asl\1.9.13\jackson-core-asl-1.9.13.jar;C:\Users\CTI8820\.m2\repository\org\codehaus\jackson\jackson-mapper-asl\1.9.13\jackson-mapper-asl-1.9.13.jar;C:\Users\CTI8820\.m2\repository\com\thoughtworks\paranamer\paranamer\2.7\paranamer-2.7.jar;C:\Users\CTI8820\.m2\repository\org\xerial\snappy\snappy-java\1.1.1.3\snappy-java-1.1.1.3.jar;C:\Users\CTI8820\.m2\repository\org\apache\commons\commons-compress\1.8.1\commons-compress-1.8.1.jar;C:\Users\CTI8820\.m2\repository\org\tukaani\xz\1.5\xz-1.5.jar;C:\Users\CTI8820\.m2\repository\net\java\dev\stax-utils\stax-utils\20070216\stax-utils-20070216.jar;C:\Users\CTI8820\.m2\repository\org\apache\commons\commons-text\1.4\commons-text-1.4.jar;C:\Users\CTI8820\.m2\repository\com\github\ben-manes\caffeine\caffeine\2.6.2\caffeine-2.6.2.jar;C:\Users\CTI8820\.m2\repository\com\google\guava\guava\27.0.1-jre\guava-27.0.1-jre.jar;C:\Users\CTI8820\.m2\repository\com\google\guava\failureaccess\1.0.1\failureaccess-1.0.1.jar;C:\Users\CTI8820\.m2\repository\com\google\guava\listenablefuture\9999.0-empty-to-avoid-conflict-with-guava\listenablefuture-9999.0-empty-to-avoid-conflict-with-guava.jar;C:\Users\CTI8820\.m2\repository\com\google\code\findbugs\jsr305\3.0.2\jsr305-3.0.2.jar;C:\Users\CTI8820\.m2\repository\org\checkerframework\checker-qual\2.5.2\checker-qual-2.5.2.jar;C:\Users\CTI8820\.m2\repository\com\google\errorprone\error_prone_annotations\2.2.0\error_prone_annotations-2.2.0.jar;C:\Users\CTI8820\.m2\repository\com\google\j2objc\j2objc-annotations\1.1\j2objc-annotations-1.1.jar;C:\Users\CTI8820\.m2\repository\org\codehaus\mojo\animal-sniffer-annotations\1.17\animal-sniffer-annotations-1.17.jar;C:\Users\CTI8820\.m2\repository\org\json\json\20140107\json-20140107.jar;C:\Users\CTI8820\.m2\repository\org\apache\nifi\nifi-dbcp-service-api\1.9.0\nifi-dbcp-service-api-1.9.0.jar;C:\Users\CTI8820\.m2\repository\org\apache\nifi\nifi-dbcp-service\1.9.0\nifi-dbcp-service-1.9.0.jar;C:\Users\CTI8820\.m2\repository\org\apache\nifi\nifi-security-utils\1.9.0\nifi-security-utils-1.9.0.jar;C:\Users\CTI8820\.m2\repository\commons-codec\commons-codec\1.11\commons-codec-1.11.jar;C:\Users\CTI8820\.m2\repository\org\bouncycastle\bcpkix-jdk15on\1.60\bcpkix-jdk15on-1.60.jar;C:\Users\CTI8820\.m2\repository\de\svenkubiak\jBCrypt\0.4.1\jBCrypt-0.4.1.jar;C:\Users\CTI8820\.m2\repository\org\apache\commons\commons-dbcp2\2.5.0\commons-dbcp2-2.5.0.jar;C:\Users\CTI8820\.m2\repository\org\apache\commons\commons-pool2\2.6.0\commons-pool2-2.6.0.jar;C:\Users\CTI8820\.m2\repository\commons-logging\commons-logging\1.2\commons-logging-1.2.jar;C:\Users\CTI8820\.m2\repository\org\apache\derby\derby\10.11.1.1\derby-10.11.1.1.jar;C:\Users\CTI8820\.m2\repository\org\apache\nifi\nifi-kerberos-credentials-service-api\1.9.0\nifi-kerberos-credentials-service-api-1.9.0.jar;C:\Users\CTI8820\.m2\repository\org\apache\nifi\nifi-record-path\1.9.0\nifi-record-path-1.9.0.jar;C:\Users\CTI8820\.m2\repository\org\antlr\antlr-runtime\3.5.2\antlr-runtime-3.5.2.jar;C:\Users\CTI8820\.m2\repository\org\mockito\mockito-core\1.10.19\mockito-core-1.10.19.jar;C:\Users\CTI8820\.m2\repository\org\objenesis\objenesis\2.1\objenesis-2.1.jar;C:\Users\CTI8820\.m2\repository\org\codehaus\groovy\groovy-all\2.4.13\groovy-all-2.4.13.jar;"/>
    <property name="java.vm.vendor" value="Oracle Corporation"/>
    <property name="sun.arch.data.model" value="64"/>
    <property name="user.variant" value=""/>
    <property name="java.vendor.url" value="http://java.oracle.com/"/>
    <property name="user.timezone" value=""/>
    <property name="java.vm.specification.version" value="1.8"/>
    <property name="os.name" value="Windows 7"/>
    <property name="user.country" value="AR"/>
    <property name="sun.java.launcher" value="SUN_STANDARD"/>
    <property name="sun.boot.library.path" value="C:\Program Files\Java\jdk1.8.0_221\jre\bin"/>
    <property name="sun.java.command" value="C:\Users\CTI8820\AppData\Local\Temp\surefire8752666925126056833\surefirebooter7312802061712707571.jar C:\Users\CTI8820\AppData\Local\Temp\surefire8752666925126056833 2020-02-13T16-59-40_434-jvmRun1 surefire5739758677634009104tmp surefire_05646472443895546221tmp"/>
    <property name="surefire.test.class.path" value="C:\Users\CTI8820\Desktop\mediacion-procesador-archetype\control_duplicate_records\nifi-controlduplicaterecords-processors\target\test-classes;C:\Users\CTI8820\Desktop\mediacion-procesador-archetype\control_duplicate_records\nifi-controlduplicaterecords-processors\target\classes;C:\Users\CTI8820\.m2\repository\org\apache\nifi\nifi-api\1.9.0\nifi-api-1.9.0.jar;C:\Users\CTI8820\.m2\repository\org\apache\nifi\nifi-utils\1.9.0\nifi-utils-1.9.0.jar;C:\Users\CTI8820\.m2\repository\org\apache\nifi\nifi-mock\1.9.0\nifi-mock-1.9.0.jar;C:\Users\CTI8820\.m2\repository\org\apache\nifi\nifi-framework-api\1.9.0\nifi-framework-api-1.9.0.jar;C:\Users\CTI8820\.m2\repository\org\apache\nifi\nifi-expression-language\1.9.0\nifi-expression-language-1.9.0.jar;C:\Users\CTI8820\.m2\repository\org\apache\nifi\nifi-data-provenance-utils\1.9.0\nifi-data-provenance-utils-1.9.0.jar;C:\Users\CTI8820\.m2\repository\org\bouncycastle\bcprov-jdk15on\1.60\bcprov-jdk15on-1.60.jar;C:\Users\CTI8820\.m2\repository\org\apache\nifi\nifi-properties-loader\1.9.0\nifi-properties-loader-1.9.0.jar;C:\Users\CTI8820\.m2\repository\ch\qos\logback\logback-classic\1.2.3\logback-classic-1.2.3.jar;C:\Users\CTI8820\.m2\repository\ch\qos\logback\logback-core\1.2.3\logback-core-1.2.3.jar;C:\Users\CTI8820\.m2\repository\org\apache\nifi\nifi-properties\1.9.0\nifi-properties-1.9.0.jar;C:\Users\CTI8820\.m2\repository\org\slf4j\slf4j-simple\1.7.25\slf4j-simple-1.7.25.jar;C:\Users\CTI8820\.m2\repository\org\slf4j\slf4j-api\1.7.25\slf4j-api-1.7.25.jar;C:\Users\CTI8820\.m2\repository\junit\junit\4.12\junit-4.12.jar;C:\Users\CTI8820\.m2\repository\org\hamcrest\hamcrest-core\1.3\hamcrest-core-1.3.jar;C:\Users\CTI8820\.m2\repository\org\apache\nifi\nifi-record\1.9.0\nifi-record-1.9.0.jar;C:\Users\CTI8820\.m2\repository\org\apache\nifi\nifi-record-serialization-service-api\1.9.0\nifi-record-serialization-service-api-1.9.0.jar;C:\Users\CTI8820\.m2\repository\org\apache\nifi\nifi-schema-registry-service-api\1.9.0\nifi-schema-registry-service-api-1.9.0.jar;C:\Users\CTI8820\.m2\repository\org\apache\nifi\nifi-record-serialization-services\1.9.2\nifi-record-serialization-services-1.9.2.jar;C:\Users\CTI8820\.m2\repository\org\apache\nifi\nifi-avro-record-utils\1.9.2\nifi-avro-record-utils-1.9.2.jar;C:\Users\CTI8820\.m2\repository\org\apache\nifi\nifi-standard-record-utils\1.9.2\nifi-standard-record-utils-1.9.2.jar;C:\Users\CTI8820\.m2\repository\org\apache\nifi\nifi-syslog-utils\1.9.2\nifi-syslog-utils-1.9.2.jar;C:\Users\CTI8820\.m2\repository\com\github\palindromicity\simple-syslog-5424\0.0.11\simple-syslog-5424-0.0.11.jar;C:\Users\CTI8820\.m2\repository\org\antlr\antlr4-runtime\4.5\antlr4-runtime-4.5.jar;C:\Users\CTI8820\.m2\repository\org\abego\treelayout\org.abego.treelayout.core\1.0.1\org.abego.treelayout.core-1.0.1.jar;C:\Users\CTI8820\.m2\repository\com\jayway\jsonpath\json-path\2.4.0\json-path-2.4.0.jar;C:\Users\CTI8820\.m2\repository\net\minidev\json-smart\2.3\json-smart-2.3.jar;C:\Users\CTI8820\.m2\repository\net\minidev\accessors-smart\1.2\accessors-smart-1.2.jar;C:\Users\CTI8820\.m2\repository\org\ow2\asm\asm\5.0.4\asm-5.0.4.jar;C:\Users\CTI8820\.m2\repository\com\fasterxml\jackson\core\jackson-databind\2.9.7\jackson-databind-2.9.7.jar;C:\Users\CTI8820\.m2\repository\com\fasterxml\jackson\core\jackson-annotations\2.9.0\jackson-annotations-2.9.0.jar;C:\Users\CTI8820\.m2\repository\com\fasterxml\jackson\core\jackson-core\2.9.7\jackson-core-2.9.7.jar;C:\Users\CTI8820\.m2\repository\org\apache\commons\commons-csv\1.5\commons-csv-1.5.jar;C:\Users\CTI8820\.m2\repository\com\fasterxml\jackson\dataformat\jackson-dataformat-csv\2.9.2\jackson-dataformat-csv-2.9.2.jar;C:\Users\CTI8820\.m2\repository\commons-io\commons-io\2.6\commons-io-2.6.jar;C:\Users\CTI8820\.m2\repository\io\krakens\java-grok\0.1.9\java-grok-0.1.9.jar;C:\Users\CTI8820\.m2\repository\org\apache\commons\commons-lang3\3.7\commons-lang3-3.7.jar;C:\Users\CTI8820\.m2\repository\org\apache\avro\avro\1.8.1\avro-1.8.1.jar;C:\Users\CTI8820\.m2\repository\org\codehaus\jackson\jackson-core-asl\1.9.13\jackson-core-asl-1.9.13.jar;C:\Users\CTI8820\.m2\repository\org\codehaus\jackson\jackson-mapper-asl\1.9.13\jackson-mapper-asl-1.9.13.jar;C:\Users\CTI8820\.m2\repository\com\thoughtworks\paranamer\paranamer\2.7\paranamer-2.7.jar;C:\Users\CTI8820\.m2\repository\org\xerial\snappy\snappy-java\1.1.1.3\snappy-java-1.1.1.3.jar;C:\Users\CTI8820\.m2\repository\org\apache\commons\commons-compress\1.8.1\commons-compress-1.8.1.jar;C:\Users\CTI8820\.m2\repository\org\tukaani\xz\1.5\xz-1.5.jar;C:\Users\CTI8820\.m2\repository\net\java\dev\stax-utils\stax-utils\20070216\stax-utils-20070216.jar;C:\Users\CTI8820\.m2\repository\org\apache\commons\commons-text\1.4\commons-text-1.4.jar;C:\Users\CTI8820\.m2\repository\com\github\ben-manes\caffeine\caffeine\2.6.2\caffeine-2.6.2.jar;C:\Users\CTI8820\.m2\repository\com\google\guava\guava\27.0.1-jre\guava-27.0.1-jre.jar;C:\Users\CTI8820\.m2\repository\com\google\guava\failureaccess\1.0.1\failureaccess-1.0.1.jar;C:\Users\CTI8820\.m2\repository\com\google\guava\listenablefuture\9999.0-empty-to-avoid-conflict-with-guava\listenablefuture-9999.0-empty-to-avoid-conflict-with-guava.jar;C:\Users\CTI8820\.m2\repository\com\google\code\findbugs\jsr305\3.0.2\jsr305-3.0.2.jar;C:\Users\CTI8820\.m2\repository\org\checkerframework\checker-qual\2.5.2\checker-qual-2.5.2.jar;C:\Users\CTI8820\.m2\repository\com\google\errorprone\error_prone_annotations\2.2.0\error_prone_annotations-2.2.0.jar;C:\Users\CTI8820\.m2\repository\com\google\j2objc\j2objc-annotations\1.1\j2objc-annotations-1.1.jar;C:\Users\CTI8820\.m2\repository\org\codehaus\mojo\animal-sniffer-annotations\1.17\animal-sniffer-annotations-1.17.jar;C:\Users\CTI8820\.m2\repository\org\json\json\20140107\json-20140107.jar;C:\Users\CTI8820\.m2\repository\org\apache\nifi\nifi-dbcp-service-api\1.9.0\nifi-dbcp-service-api-1.9.0.jar;C:\Users\CTI8820\.m2\repository\org\apache\nifi\nifi-dbcp-service\1.9.0\nifi-dbcp-service-1.9.0.jar;C:\Users\CTI8820\.m2\repository\org\apache\nifi\nifi-security-utils\1.9.0\nifi-security-utils-1.9.0.jar;C:\Users\CTI8820\.m2\repository\commons-codec\commons-codec\1.11\commons-codec-1.11.jar;C:\Users\CTI8820\.m2\repository\org\bouncycastle\bcpkix-jdk15on\1.60\bcpkix-jdk15on-1.60.jar;C:\Users\CTI8820\.m2\repository\de\svenkubiak\jBCrypt\0.4.1\jBCrypt-0.4.1.jar;C:\Users\CTI8820\.m2\repository\org\apache\commons\commons-dbcp2\2.5.0\commons-dbcp2-2.5.0.jar;C:\Users\CTI8820\.m2\repository\org\apache\commons\commons-pool2\2.6.0\commons-pool2-2.6.0.jar;C:\Users\CTI8820\.m2\repository\commons-logging\commons-logging\1.2\commons-logging-1.2.jar;C:\Users\CTI8820\.m2\repository\org\apache\derby\derby\10.11.1.1\derby-10.11.1.1.jar;C:\Users\CTI8820\.m2\repository\org\apache\nifi\nifi-kerberos-credentials-service-api\1.9.0\nifi-kerberos-credentials-service-api-1.9.0.jar;C:\Users\CTI8820\.m2\repository\org\apache\nifi\nifi-record-path\1.9.0\nifi-record-path-1.9.0.jar;C:\Users\CTI8820\.m2\repository\org\antlr\antlr-runtime\3.5.2\antlr-runtime-3.5.2.jar;C:\Users\CTI8820\.m2\repository\org\mockito\mockito-core\1.10.19\mockito-core-1.10.19.jar;C:\Users\CTI8820\.m2\repository\org\objenesis\objenesis\2.1\objenesis-2.1.jar;C:\Users\CTI8820\.m2\repository\org\codehaus\groovy\groovy-all\2.4.13\groovy-all-2.4.13.jar;"/>
    <property name="sun.cpu.endian" value="little"/>
    <property name="user.home" value="C:\Users\CTI8820"/>
    <property name="user.language" value="es"/>
    <property name="java.specification.vendor" value="Oracle Corporation"/>
    <property name="java.home" value="C:\Program Files\Java\jdk1.8.0_221\jre"/>
    <property name="basedir" value="C:\Users\CTI8820\Desktop\mediacion-procesador-archetype\control_duplicate_records\nifi-controlduplicaterecords-processors"/>
    <property name="file.separator" value="\"/>
    <property name="line.separator" value="&#10;"/>
    <property name="java.vm.specification.vendor" value="Oracle Corporation"/>
    <property name="java.specification.name" value="Java Platform API Specification"/>
    <property name="java.awt.graphicsenv" value="sun.awt.Win32GraphicsEnvironment"/>
    <property name="java.awt.headless" value="true"/>
    <property name="surefire.real.class.path" value="C:\Users\CTI8820\AppData\Local\Temp\surefire8752666925126056833\surefirebooter7312802061712707571.jar"/>
    <property name="sun.boot.class.path" value="C:\Program Files\Java\jdk1.8.0_221\jre\lib\resources.jar;C:\Program Files\Java\jdk1.8.0_221\jre\lib\rt.jar;C:\Program Files\Java\jdk1.8.0_221\jre\lib\sunrsasign.jar;C:\Program Files\Java\jdk1.8.0_221\jre\lib\jsse.jar;C:\Program Files\Java\jdk1.8.0_221\jre\lib\jce.jar;C:\Program Files\Java\jdk1.8.0_221\jre\lib\charsets.jar;C:\Program Files\Java\jdk1.8.0_221\jre\lib\jfr.jar;C:\Program Files\Java\jdk1.8.0_221\jre\classes"/>
    <property name="user.script" value=""/>
    <property name="sun.management.compiler" value="HotSpot 64-Bit Tiered Compilers"/>
    <property name="java.runtime.version" value="1.8.0_221-b11"/>
    <property name="java.net.preferIPv4Stack" value="true"/>
    <property name="user.name" value="CTI8820"/>
    <property name="path.separator" value=";"/>
    <property name="os.version" value="6.1"/>
    <property name="java.endorsed.dirs" value="C:\Program Files\Java\jdk1.8.0_221\jre\lib\endorsed"/>
    <property name="java.runtime.name" value="Java(TM) SE Runtime Environment"/>
    <property name="file.encoding" value="UTF-8"/>
    <property name="java.vm.name" value="Java HotSpot(TM) 64-Bit Server VM"/>
    <property name="localRepository" value="C:\Users\CTI8820\.m2\repository"/>
    <property name="java.vendor.url.bug" value="http://bugreport.sun.com/bugreport/"/>
    <property name="java.io.tmpdir" value="C:\Users\CTI8820\AppData\Local\Temp\"/>
    <property name="java.version" value="1.8.0_221"/>
    <property name="user.dir" value="C:\Users\CTI8820\Desktop\mediacion-procesador-archetype\control_duplicate_records\nifi-controlduplicaterecords-processors"/>
    <property name="os.arch" value="amd64"/>
    <property name="java.vm.specification.name" value="Java Virtual Machine Specification"/>
    <property name="java.awt.printerjob" value="sun.awt.windows.WPrinterJob"/>
    <property name="sun.os.patch.level" value="Service Pack 1"/>
    <property name="java.library.path" value="C:\Program Files\Java\jdk1.8.0_221\jre\bin;C:\Windows\Sun\Java\bin;C:\Windows\system32;C:\Windows;C:\Program Files (x86)\Common Files\Oracle\Java\javapath;C:\DevSuiteHome_1\jdk\jre\bin\client;C:\DevSuiteHome_1\bin;C:\DevSuiteHome_1\jlib;C:\oracle\odbc;C:\oracle\12c;C:\Windows\system32;C:\Windows;C:\Windows\System32\Wbem;C:\Windows\System32\WindowsPowerShell\v1.0\;C:\Program Files (x86)\Internet Explorer;c:\oracle\odbc\bin;C:\Program Files (x86)\Oracle\jre\1.1.8\bin;C:\Program Files (x86)\Plantronics\Spokes3G\;%JAVA_HOME%\bin;C:\Program Files\apache-maven-3.6.1\bin;C:\Program Files\Git\cmd;."/>
    <property name="java.vm.info" value="mixed mode"/>
    <property name="java.vendor" value="Oracle Corporation"/>
    <property name="java.vm.version" value="25.221-b11"/>
    <property name="java.ext.dirs" value="C:\Program Files\Java\jdk1.8.0_221\jre\lib\ext;C:\Windows\Sun\Java\lib\ext"/>
    <property name="sun.io.unicode.encoding" value="UnicodeLittle"/>
    <property name="java.class.version" value="52.0"/>
  </properties>
  <testcase name="testCount" classname="org.claro.nifi.processors.controlduplicaterecords.ControlDuplicateRecordsTest" time="2.143"/>
</testsuite>